\BOOKMARK [0][-]{titlepage.0}{\376\377\000T\000i\000t\000l\000e\000\040\000P\000a\000g\000e}{}% 1
\BOOKMARK [0][-]{customtitlepage.0}{\376\377\000C\000u\000s\000t\000o\000m\000\040\000T\000i\000t\000l\000e\000\040\000P\000a\000g\000e}{}% 2
\BOOKMARK [0][-]{abstract.0}{\376\377\000A\000b\000s\000t\000r\000a\000c\000t}{}% 3
\BOOKMARK [0][-]{acknowledgments.0}{\376\377\000A\000c\000k\000n\000o\000w\000l\000e\000d\000g\000m\000e\000n\000t\000s}{}% 4
\BOOKMARK [0][-]{section*.1}{\376\377\000T\000a\000b\000l\000e\000\040\000o\000f\000\040\000C\000o\000n\000t\000e\000n\000t\000s}{}% 5
\BOOKMARK [0][-]{section*.2}{\376\377\000L\000i\000s\000t\000\040\000o\000f\000\040\000F\000i\000g\000u\000r\000e\000s}{}% 6
\BOOKMARK [0][-]{section*.3}{\376\377\000L\000i\000s\000t\000\040\000o\000f\000\040\000T\000a\000b\000l\000e\000s}{}% 7
\BOOKMARK [0][-]{chapter.1}{\376\377\0001\000\040\000I\000n\000t\000r\000o\000d\000u\000c\000t\000i\000o\000n}{}% 8
\BOOKMARK [1][-]{section.1.1}{\376\377\0001\000.\0001\000\040\000P\000r\000o\000b\000l\000e\000m\000\040\000S\000t\000a\000t\000e\000m\000e\000n\000t}{chapter.1}% 9
\BOOKMARK [1][-]{section.1.2}{\376\377\0001\000.\0002\000\040\000S\000c\000o\000p\000e\000\040\000w\000i\000t\000h\000i\000n\000\040\000T\000-\000S\000C\000O\000R\000E}{chapter.1}% 10
\BOOKMARK [1][-]{section.1.3}{\376\377\0001\000.\0003\000\040\000P\000u\000r\000p\000o\000s\000e\000\040\000o\000f\000\040\000R\000e\000s\000e\000a\000r\000c\000h}{chapter.1}% 11
\BOOKMARK [0][-]{chapter.2}{\376\377\0002\000\040\000L\000i\000t\000e\000r\000a\000t\000u\000r\000e\000\040\000R\000e\000v\000i\000e\000w}{}% 12
\BOOKMARK [1][-]{section.2.1}{\376\377\0002\000.\0001\000\040\000S\000p\000a\000t\000i\000a\000l\000\040\000A\000n\000a\000l\000y\000s\000i\000s\000\040\000a\000n\000d\000\040\000R\000i\000d\000e\000-\000h\000a\000i\000l\000i\000n\000g}{chapter.2}% 13
\BOOKMARK [1][-]{section.2.2}{\376\377\0002\000.\0002\000\040\000A\000c\000t\000i\000v\000i\000t\000y\000-\000b\000a\000s\000e\000d\000\040\000M\000o\000d\000e\000l\000s\000\040\000a\000n\000d\000\040\000R\000i\000d\000e\000-\000h\000a\000i\000l\000i\000n\000g}{chapter.2}% 14
\BOOKMARK [1][-]{section.2.3}{\376\377\0002\000.\0003\000\040\000M\000u\000l\000t\000i\000-\000a\000g\000e\000n\000t\000\040\000S\000i\000m\000u\000l\000a\000t\000i\000o\000n\000\040\000a\000n\000d\000\040\000R\000i\000d\000e\000-\000h\000a\000i\000l\000i\000n\000g}{chapter.2}% 15
\BOOKMARK [1][-]{section.2.4}{\376\377\0002\000.\0004\000\040\000L\000i\000m\000i\000t\000e\000d\000\040\000A\000t\000t\000e\000m\000p\000t\000s\000\040\000t\000o\000\040\000P\000a\000i\000r\000\040\000M\000u\000l\000i\000t\000p\000l\000e\000\040\000M\000o\000d\000e\000l\000i\000n\000g\000\040\000A\000p\000p\000r\000o\000a\000c\000h\000e\000s}{chapter.2}% 16
\BOOKMARK [1][-]{section.2.5}{\376\377\0002\000.\0005\000\040\000S\000u\000m\000m\000a\000r\000y}{chapter.2}% 17
\BOOKMARK [0][-]{chapter.3}{\376\377\0003\000\040\000M\000e\000t\000h\000o\000d\000s}{}% 18
\BOOKMARK [1][-]{section.3.1}{\376\377\0003\000.\0001\000\040\000R\000i\000d\000e\000-\000h\000a\000i\000l\000i\000n\000g\000\040\000i\000n\000\040\000A\000c\000t\000i\000v\000i\000t\000y\000S\000i\000m}{chapter.3}% 19
\BOOKMARK [1][-]{section.3.2}{\376\377\0003\000.\0002\000\040\000C\000o\000n\000f\000i\000g\000u\000r\000i\000n\000g\000\040\000A\000c\000t\000i\000v\000i\000t\000y\000S\000i\000m}{chapter.3}% 20
\BOOKMARK [1][-]{section.3.3}{\376\377\0003\000.\0003\000\040\000R\000i\000d\000e\000-\000h\000a\000i\000l\000i\000n\000g\000\040\000i\000n\000\040\000B\000E\000A\000M}{chapter.3}% 21
\BOOKMARK [1][-]{section.3.4}{\376\377\0003\000.\0004\000\040\000C\000o\000n\000f\000i\000g\000u\000r\000i\000n\000g\000\040\000B\000E\000A\000M}{chapter.3}% 22
\BOOKMARK [1][-]{section.3.5}{\376\377\0003\000.\0005\000\040\000C\000a\000s\000e\000\040\000S\000t\000u\000d\000y\000\040\000S\000c\000e\000n\000a\000r\000i\000o\000s}{chapter.3}% 23
\BOOKMARK [1][-]{section.3.6}{\376\377\0003\000.\0006\000\040\000S\000u\000m\000m\000a\000r\000y}{chapter.3}% 24
\BOOKMARK [0][-]{chapter.4}{\376\377\0004\000\040\000R\000e\000s\000u\000l\000t\000s}{}% 25
\BOOKMARK [1][-]{section.4.1}{\376\377\0004\000.\0001\000\040\000R\000i\000d\000e\000r\000s\000h\000i\000p}{chapter.4}% 26
\BOOKMARK [1][-]{section.4.2}{\376\377\0004\000.\0002\000\040\000W\000a\000i\000t\000\040\000T\000i\000m\000e\000s}{chapter.4}% 27
\BOOKMARK [1][-]{section.4.3}{\376\377\0004\000.\0003\000\040\000M\000o\000d\000e\000\040\000C\000h\000o\000i\000c\000e\000\040\000S\000t\000r\000u\000c\000t\000u\000r\000e\000s}{chapter.4}% 28
\BOOKMARK [1][-]{section.4.4}{\376\377\0004\000.\0004\000\040\000S\000u\000m\000m\000a\000r\000y}{chapter.4}% 29
\BOOKMARK [0][-]{chapter.5}{\376\377\0005\000\040\000D\000i\000s\000c\000u\000s\000s\000i\000o\000n\000\040\000a\000n\000d\000\040\000C\000o\000n\000c\000l\000u\000s\000i\000o\000n}{}% 30
\BOOKMARK [1][-]{section.5.1}{\376\377\0005\000.\0001\000\040\000F\000u\000r\000t\000h\000e\000r\000\040\000R\000e\000s\000e\000a\000r\000c\000h}{chapter.5}% 31
\BOOKMARK [1][-]{section.5.2}{\376\377\0005\000.\0002\000\040\000L\000i\000m\000i\000t\000a\000t\000i\000o\000n\000s}{chapter.5}% 32
\BOOKMARK [1][-]{section.5.3}{\376\377\0005\000.\0003\000\040\000C\000o\000n\000c\000l\000u\000s\000i\000o\000n}{chapter.5}% 33
\BOOKMARK [0][-]{chapter*.4}{\376\377\000R\000e\000f\000e\000r\000e\000n\000c\000e\000s}{}% 34
\BOOKMARK [0][-]{section*.5}{\376\377\000A\000p\000p\000e\000n\000d\000i\000c\000e\000s}{}% 35
\BOOKMARK [0][-]{appendix.A}{\376\377\000A\000\040\000A\000d\000d\000i\000t\000i\000o\000n\000s\000\040\000t\000o\000\040\000t\000h\000e\000\040\000B\000E\000A\000M\000\040\000M\000o\000d\000e\000\040\000C\000h\000o\000i\000c\000e\000\040\000M\000o\000d\000e\000l}{}% 36
